2023-05-15 18:58:12.2482|49|TRACE|Microsoft.AspNetCore.Server.Kestrel.Http2|Connection id "0HMQLCM7OVR5H" sending SETTINGS frame for stream ID 0 with length 18 and flags NONE. |url: |action: |Microsoft.AspNetCore.Server.Kestrel.Core.Internal.Http2.Http2FrameWriter.WriteHeaderUnsynchronized
2023-05-15 18:58:12.6084|49|TRACE|Microsoft.AspNetCore.Server.Kestrel.Http2|Connection id "0HMQLCM7OVR5H" sending WINDOW_UPDATE frame for stream ID 0 with length 4 and flags 0x0. |url: |action: |Microsoft.AspNetCore.Server.Kestrel.Core.Internal.Http2.Http2FrameWriter.WriteHeaderUnsynchronized
2023-05-15 18:58:12.6084|37|TRACE|Microsoft.AspNetCore.Server.Kestrel.Http2|Connection id "0HMQLCM7OVR5H" received SETTINGS frame for stream ID 0 with length 30 and flags NONE. |url: |action: |Microsoft.AspNetCore.Server.Kestrel.Core.Internal.Http2.Http2Connection.ProcessRequestsAsync
2023-05-15 18:58:12.6084|49|TRACE|Microsoft.AspNetCore.Server.Kestrel.Http2|Connection id "0HMQLCM7OVR5H" sending SETTINGS frame for stream ID 0 with length 0 and flags ACK. |url: |action: |Microsoft.AspNetCore.Server.Kestrel.Core.Internal.Http2.Http2FrameWriter.WriteHeaderUnsynchronized
2023-05-15 18:58:12.6084|37|TRACE|Microsoft.AspNetCore.Server.Kestrel.Http2|Connection id "0HMQLCM7OVR5H" received WINDOW_UPDATE frame for stream ID 0 with length 4 and flags 0x0. |url: |action: |Microsoft.AspNetCore.Server.Kestrel.Core.Internal.Http2.Http2Connection.ProcessRequestsAsync
2023-05-15 18:58:12.6084|37|TRACE|Microsoft.AspNetCore.Server.Kestrel.Http2|Connection id "0HMQLCM7OVR5H" received HEADERS frame for stream ID 1 with length 475 and flags END_STREAM, END_HEADERS, PRIORITY. |url: |action: |Microsoft.AspNetCore.Server.Kestrel.Core.Internal.Http2.Http2Connection.ProcessRequestsAsync
2023-05-15 18:58:12.6803|37|TRACE|Microsoft.AspNetCore.Server.Kestrel.Http2|Connection id "0HMQLCM7OVR5H" received SETTINGS frame for stream ID 0 with length 0 and flags ACK. |url: |action: |Microsoft.AspNetCore.Server.Kestrel.Core.Internal.Http2.Http2Connection.ProcessRequestsAsync
2023-05-15 18:58:12.8191|2|TRACE|Microsoft.AspNetCore.HostFiltering.HostFilteringMiddleware|All hosts are allowed. |url: https://localhost/swagger/index.html|action: |Microsoft.AspNetCore.HostFiltering.LoggerExtensions.AllHostsAllowed
2023-05-15 18:58:13.2874|49|TRACE|Microsoft.AspNetCore.Server.Kestrel.Http2|Connection id "0HMQLCM7OVR5H" sending HEADERS frame for stream ID 1 with length 66 and flags END_HEADERS. |url: https://localhost/swagger/index.html|action: |Microsoft.AspNetCore.Server.Kestrel.Core.Internal.Http2.Http2FrameWriter.WriteHeaderUnsynchronized
2023-05-15 18:58:13.7577|49|TRACE|Microsoft.AspNetCore.Server.Kestrel.Http2|Connection id "0HMQLCM7OVR5H" sending DATA frame for stream ID 1 with length 1024 and flags NONE. |url: |action: |Microsoft.AspNetCore.Server.Kestrel.Core.Internal.Http2.Http2FrameWriter.WriteHeaderUnsynchronized
2023-05-15 18:58:13.7710|49|TRACE|Microsoft.AspNetCore.Server.Kestrel.Http2|Connection id "0HMQLCM7OVR5H" sending DATA frame for stream ID 1 with length 1024 and flags NONE. |url: |action: |Microsoft.AspNetCore.Server.Kestrel.Core.Internal.Http2.Http2FrameWriter.WriteHeaderUnsynchronized
2023-05-15 18:58:13.7710|49|TRACE|Microsoft.AspNetCore.Server.Kestrel.Http2|Connection id "0HMQLCM7OVR5H" sending DATA frame for stream ID 1 with length 1024 and flags NONE. |url: |action: |Microsoft.AspNetCore.Server.Kestrel.Core.Internal.Http2.Http2FrameWriter.WriteHeaderUnsynchronized
2023-05-15 18:58:13.7710|49|TRACE|Microsoft.AspNetCore.Server.Kestrel.Http2|Connection id "0HMQLCM7OVR5H" sending DATA frame for stream ID 1 with length 1024 and flags NONE. |url: |action: |Microsoft.AspNetCore.Server.Kestrel.Core.Internal.Http2.Http2FrameWriter.WriteHeaderUnsynchronized
2023-05-15 18:58:13.7710|49|TRACE|Microsoft.AspNetCore.Server.Kestrel.Http2|Connection id "0HMQLCM7OVR5H" sending DATA frame for stream ID 1 with length 992 and flags NONE. |url: |action: |Microsoft.AspNetCore.Server.Kestrel.Core.Internal.Http2.Http2FrameWriter.WriteHeaderUnsynchronized
2023-05-15 18:58:13.7710|49|TRACE|Microsoft.AspNetCore.Server.Kestrel.Http2|Connection id "0HMQLCM7OVR5H" sending DATA frame for stream ID 1 with length 65 and flags NONE. |url: |action: |Microsoft.AspNetCore.Server.Kestrel.Core.Internal.Http2.Http2FrameWriter.WriteHeaderUnsynchronized
2023-05-15 18:58:13.7790|49|TRACE|Microsoft.AspNetCore.Server.Kestrel.Http2|Connection id "0HMQLCM7OVR5H" sending DATA frame for stream ID 1 with length 16 and flags NONE. |url: |action: |Microsoft.AspNetCore.Server.Kestrel.Core.Internal.Http2.Http2FrameWriter.WriteHeaderUnsynchronized
2023-05-15 18:58:13.8756|37|TRACE|Microsoft.AspNetCore.Server.Kestrel.Http2|Connection id "0HMQLCM7OVR5H" received HEADERS frame for stream ID 3 with length 109 and flags END_STREAM, END_HEADERS, PRIORITY. |url: |action: |Microsoft.AspNetCore.Server.Kestrel.Core.Internal.Http2.Http2Connection.ProcessRequestsAsync
2023-05-15 18:58:13.8605|49|TRACE|Microsoft.AspNetCore.Server.Kestrel.Http2|Connection id "0HMQLCM7OVR5H" sending DATA frame for stream ID 1 with length 0 and flags END_STREAM. |url: |action: |Microsoft.AspNetCore.Server.Kestrel.Core.Internal.Http2.Http2FrameWriter.WriteHeaderUnsynchronized
2023-05-15 18:58:13.9292|49|TRACE|Microsoft.AspNetCore.Server.Kestrel.Http2|Connection id "0HMQLCM7OVR5H" sending HEADERS frame for stream ID 3 with length 90 and flags END_HEADERS. |url: https://localhost/_framework/aspnetcore-browser-refresh.js|action: |Microsoft.AspNetCore.Server.Kestrel.Core.Internal.Http2.Http2FrameWriter.WriteHeaderUnsynchronized
2023-05-15 18:58:13.9388|49|TRACE|Microsoft.AspNetCore.Server.Kestrel.Http2|Connection id "0HMQLCM7OVR5H" sending DATA frame for stream ID 3 with length 11990 and flags NONE. |url: |action: |Microsoft.AspNetCore.Server.Kestrel.Core.Internal.Http2.Http2FrameWriter.WriteHeaderUnsynchronized
2023-05-15 18:58:13.9920|49|TRACE|Microsoft.AspNetCore.Server.Kestrel.Http2|Connection id "0HMQLCM7OVR5H" sending DATA frame for stream ID 3 with length 0 and flags END_STREAM. |url: |action: |Microsoft.AspNetCore.Server.Kestrel.Core.Internal.Http2.Http2FrameWriter.WriteHeaderUnsynchronized
2023-05-15 18:58:15.3524|37|TRACE|Microsoft.AspNetCore.Server.Kestrel.Http2|Connection id "0HMQLCM7OVR5H" received HEADERS frame for stream ID 5 with length 57 and flags END_STREAM, END_HEADERS, PRIORITY. |url: |action: |Microsoft.AspNetCore.Server.Kestrel.Core.Internal.Http2.Http2Connection.ProcessRequestsAsync
2023-05-15 18:58:15.5206|49|TRACE|Microsoft.AspNetCore.Server.Kestrel.Http2|Connection id "0HMQLCM7OVR5H" sending HEADERS frame for stream ID 5 with length 149 and flags END_HEADERS. |url: https://localhost/_vs/browserLink|action: |Microsoft.AspNetCore.Server.Kestrel.Core.Internal.Http2.Http2FrameWriter.WriteHeaderUnsynchronized
2023-05-15 18:58:15.5206|49|TRACE|Microsoft.AspNetCore.Server.Kestrel.Http2|Connection id "0HMQLCM7OVR5H" sending DATA frame for stream ID 5 with length 9986 and flags NONE. |url: |action: |Microsoft.AspNetCore.Server.Kestrel.Core.Internal.Http2.Http2FrameWriter.WriteHeaderUnsynchronized
2023-05-15 18:58:15.5206|49|TRACE|Microsoft.AspNetCore.Server.Kestrel.Http2|Connection id "0HMQLCM7OVR5H" sending DATA frame for stream ID 5 with length 10240 and flags NONE. |url: |action: |Microsoft.AspNetCore.Server.Kestrel.Core.Internal.Http2.Http2FrameWriter.WriteHeaderUnsynchronized
2023-05-15 18:58:15.5206|49|TRACE|Microsoft.AspNetCore.Server.Kestrel.Http2|Connection id "0HMQLCM7OVR5H" sending DATA frame for stream ID 5 with length 10240 and flags NONE. |url: |action: |Microsoft.AspNetCore.Server.Kestrel.Core.Internal.Http2.Http2FrameWriter.WriteHeaderUnsynchronized
2023-05-15 18:58:15.5206|49|TRACE|Microsoft.AspNetCore.Server.Kestrel.Http2|Connection id "0HMQLCM7OVR5H" sending DATA frame for stream ID 5 with length 10240 and flags NONE. |url: |action: |Microsoft.AspNetCore.Server.Kestrel.Core.Internal.Http2.Http2FrameWriter.WriteHeaderUnsynchronized
2023-05-15 18:58:15.5206|49|TRACE|Microsoft.AspNetCore.Server.Kestrel.Http2|Connection id "0HMQLCM7OVR5H" sending DATA frame for stream ID 5 with length 10240 and flags NONE. |url: |action: |Microsoft.AspNetCore.Server.Kestrel.Core.Internal.Http2.Http2FrameWriter.WriteHeaderUnsynchronized
2023-05-15 18:58:15.5206|49|TRACE|Microsoft.AspNetCore.Server.Kestrel.Http2|Connection id "0HMQLCM7OVR5H" sending DATA frame for stream ID 5 with length 10240 and flags NONE. |url: |action: |Microsoft.AspNetCore.Server.Kestrel.Core.Internal.Http2.Http2FrameWriter.WriteHeaderUnsynchronized
2023-05-15 18:58:15.5206|49|TRACE|Microsoft.AspNetCore.Server.Kestrel.Http2|Connection id "0HMQLCM7OVR5H" sending DATA frame for stream ID 5 with length 10240 and flags NONE. |url: |action: |Microsoft.AspNetCore.Server.Kestrel.Core.Internal.Http2.Http2FrameWriter.WriteHeaderUnsynchronized
2023-05-15 18:58:15.5285|49|TRACE|Microsoft.AspNetCore.Server.Kestrel.Http2|Connection id "0HMQLCM7OVR5H" sending DATA frame for stream ID 5 with length 10240 and flags NONE. |url: |action: |Microsoft.AspNetCore.Server.Kestrel.Core.Internal.Http2.Http2FrameWriter.WriteHeaderUnsynchronized
2023-05-15 18:58:15.5285|49|TRACE|Microsoft.AspNetCore.Server.Kestrel.Http2|Connection id "0HMQLCM7OVR5H" sending DATA frame for stream ID 5 with length 10240 and flags NONE. |url: |action: |Microsoft.AspNetCore.Server.Kestrel.Core.Internal.Http2.Http2FrameWriter.WriteHeaderUnsynchronized
2023-05-15 18:58:15.5285|49|TRACE|Microsoft.AspNetCore.Server.Kestrel.Http2|Connection id "0HMQLCM7OVR5H" sending DATA frame for stream ID 5 with length 10240 and flags NONE. |url: |action: |Microsoft.AspNetCore.Server.Kestrel.Core.Internal.Http2.Http2FrameWriter.WriteHeaderUnsynchronized
2023-05-15 18:58:15.5285|49|TRACE|Microsoft.AspNetCore.Server.Kestrel.Http2|Connection id "0HMQLCM7OVR5H" sending DATA frame for stream ID 5 with length 10240 and flags NONE. |url: |action: |Microsoft.AspNetCore.Server.Kestrel.Core.Internal.Http2.Http2FrameWriter.WriteHeaderUnsynchronized
2023-05-15 18:58:15.5285|49|TRACE|Microsoft.AspNetCore.Server.Kestrel.Http2|Connection id "0HMQLCM7OVR5H" sending DATA frame for stream ID 5 with length 10240 and flags NONE. |url: |action: |Microsoft.AspNetCore.Server.Kestrel.Core.Internal.Http2.Http2FrameWriter.WriteHeaderUnsynchronized
2023-05-15 18:58:15.5285|49|TRACE|Microsoft.AspNetCore.Server.Kestrel.Http2|Connection id "0HMQLCM7OVR5H" sending DATA frame for stream ID 5 with length 10240 and flags NONE. |url: |action: |Microsoft.AspNetCore.Server.Kestrel.Core.Internal.Http2.Http2FrameWriter.WriteHeaderUnsynchronized
2023-05-15 18:58:15.5285|49|TRACE|Microsoft.AspNetCore.Server.Kestrel.Http2|Connection id "0HMQLCM7OVR5H" sending DATA frame for stream ID 5 with length 10240 and flags NONE. |url: |action: |Microsoft.AspNetCore.Server.Kestrel.Core.Internal.Http2.Http2FrameWriter.WriteHeaderUnsynchronized
2023-05-15 18:58:15.5285|49|TRACE|Microsoft.AspNetCore.Server.Kestrel.Http2|Connection id "0HMQLCM7OVR5H" sending DATA frame for stream ID 5 with length 10240 and flags NONE. |url: |action: |Microsoft.AspNetCore.Server.Kestrel.Core.Internal.Http2.Http2FrameWriter.WriteHeaderUnsynchronized
2023-05-15 18:58:15.5285|49|TRACE|Microsoft.AspNetCore.Server.Kestrel.Http2|Connection id "0HMQLCM7OVR5H" sending DATA frame for stream ID 5 with length 10240 and flags NONE. |url: |action: |Microsoft.AspNetCore.Server.Kestrel.Core.Internal.Http2.Http2FrameWriter.WriteHeaderUnsynchronized
2023-05-15 18:58:15.5285|49|TRACE|Microsoft.AspNetCore.Server.Kestrel.Http2|Connection id "0HMQLCM7OVR5H" sending DATA frame for stream ID 5 with length 10240 and flags NONE. |url: |action: |Microsoft.AspNetCore.Server.Kestrel.Core.Internal.Http2.Http2FrameWriter.WriteHeaderUnsynchronized
2023-05-15 18:58:15.5285|49|TRACE|Microsoft.AspNetCore.Server.Kestrel.Http2|Connection id "0HMQLCM7OVR5H" sending DATA frame for stream ID 5 with length 10240 and flags NONE. |url: |action: |Microsoft.AspNetCore.Server.Kestrel.Core.Internal.Http2.Http2FrameWriter.WriteHeaderUnsynchronized
2023-05-15 18:58:15.5285|49|TRACE|Microsoft.AspNetCore.Server.Kestrel.Http2|Connection id "0HMQLCM7OVR5H" sending DATA frame for stream ID 5 with length 10240 and flags NONE. |url: |action: |Microsoft.AspNetCore.Server.Kestrel.Core.Internal.Http2.Http2FrameWriter.WriteHeaderUnsynchronized
2023-05-15 18:58:15.5285|49|TRACE|Microsoft.AspNetCore.Server.Kestrel.Http2|Connection id "0HMQLCM7OVR5H" sending DATA frame for stream ID 5 with length 10240 and flags NONE. |url: |action: |Microsoft.AspNetCore.Server.Kestrel.Core.Internal.Http2.Http2FrameWriter.WriteHeaderUnsynchronized
2023-05-15 18:58:15.5285|49|TRACE|Microsoft.AspNetCore.Server.Kestrel.Http2|Connection id "0HMQLCM7OVR5H" sending DATA frame for stream ID 5 with length 10240 and flags NONE. |url: |action: |Microsoft.AspNetCore.Server.Kestrel.Core.Internal.Http2.Http2FrameWriter.WriteHeaderUnsynchronized
2023-05-15 18:58:15.5285|49|TRACE|Microsoft.AspNetCore.Server.Kestrel.Http2|Connection id "0HMQLCM7OVR5H" sending DATA frame for stream ID 5 with length 10240 and flags NONE. |url: |action: |Microsoft.AspNetCore.Server.Kestrel.Core.Internal.Http2.Http2FrameWriter.WriteHeaderUnsynchronized
2023-05-15 18:58:15.5285|49|TRACE|Microsoft.AspNetCore.Server.Kestrel.Http2|Connection id "0HMQLCM7OVR5H" sending DATA frame for stream ID 5 with length 10240 and flags NONE. |url: |action: |Microsoft.AspNetCore.Server.Kestrel.Core.Internal.Http2.Http2FrameWriter.WriteHeaderUnsynchronized
2023-05-15 18:58:15.5285|49|TRACE|Microsoft.AspNetCore.Server.Kestrel.Http2|Connection id "0HMQLCM7OVR5H" sending DATA frame for stream ID 5 with length 10240 and flags NONE. |url: |action: |Microsoft.AspNetCore.Server.Kestrel.Core.Internal.Http2.Http2FrameWriter.WriteHeaderUnsynchronized
2023-05-15 18:58:15.5285|49|TRACE|Microsoft.AspNetCore.Server.Kestrel.Http2|Connection id "0HMQLCM7OVR5H" sending DATA frame for stream ID 5 with length 10240 and flags NONE. |url: |action: |Microsoft.AspNetCore.Server.Kestrel.Core.Internal.Http2.Http2FrameWriter.WriteHeaderUnsynchronized
2023-05-15 18:58:15.5451|49|TRACE|Microsoft.AspNetCore.Server.Kestrel.Http2|Connection id "0HMQLCM7OVR5H" sending DATA frame for stream ID 5 with length 10240 and flags NONE. |url: |action: |Microsoft.AspNetCore.Server.Kestrel.Core.Internal.Http2.Http2FrameWriter.WriteHeaderUnsynchronized
2023-05-15 18:58:15.5451|49|TRACE|Microsoft.AspNetCore.Server.Kestrel.Http2|Connection id "0HMQLCM7OVR5H" sending DATA frame for stream ID 5 with length 10240 and flags NONE. |url: |action: |Microsoft.AspNetCore.Server.Kestrel.Core.Internal.Http2.Http2FrameWriter.WriteHeaderUnsynchronized
2023-05-15 18:58:15.5451|49|TRACE|Microsoft.AspNetCore.Server.Kestrel.Http2|Connection id "0HMQLCM7OVR5H" sending DATA frame for stream ID 5 with length 10240 and flags NONE. |url: |action: |Microsoft.AspNetCore.Server.Kestrel.Core.Internal.Http2.Http2FrameWriter.WriteHeaderUnsynchronized
2023-05-15 18:58:15.5451|49|TRACE|Microsoft.AspNetCore.Server.Kestrel.Http2|Connection id "0HMQLCM7OVR5H" sending DATA frame for stream ID 5 with length 10240 and flags NONE. |url: |action: |Microsoft.AspNetCore.Server.Kestrel.Core.Internal.Http2.Http2FrameWriter.WriteHeaderUnsynchronized
2023-05-15 18:58:15.5451|49|TRACE|Microsoft.AspNetCore.Server.Kestrel.Http2|Connection id "0HMQLCM7OVR5H" sending DATA frame for stream ID 5 with length 10240 and flags NONE. |url: |action: |Microsoft.AspNetCore.Server.Kestrel.Core.Internal.Http2.Http2FrameWriter.WriteHeaderUnsynchronized
2023-05-15 18:58:15.5451|49|TRACE|Microsoft.AspNetCore.Server.Kestrel.Http2|Connection id "0HMQLCM7OVR5H" sending DATA frame for stream ID 5 with length 10240 and flags NONE. |url: |action: |Microsoft.AspNetCore.Server.Kestrel.Core.Internal.Http2.Http2FrameWriter.WriteHeaderUnsynchronized
2023-05-15 18:58:15.5451|49|TRACE|Microsoft.AspNetCore.Server.Kestrel.Http2|Connection id "0HMQLCM7OVR5H" sending DATA frame for stream ID 5 with length 10240 and flags NONE. |url: |action: |Microsoft.AspNetCore.Server.Kestrel.Core.Internal.Http2.Http2FrameWriter.WriteHeaderUnsynchronized
2023-05-15 18:58:15.5451|49|TRACE|Microsoft.AspNetCore.Server.Kestrel.Http2|Connection id "0HMQLCM7OVR5H" sending DATA frame for stream ID 5 with length 10240 and flags NONE. |url: |action: |Microsoft.AspNetCore.Server.Kestrel.Core.Internal.Http2.Http2FrameWriter.WriteHeaderUnsynchronized
2023-05-15 18:58:15.5451|49|TRACE|Microsoft.AspNetCore.Server.Kestrel.Http2|Connection id "0HMQLCM7OVR5H" sending DATA frame for stream ID 5 with length 10240 and flags NONE. |url: |action: |Microsoft.AspNetCore.Server.Kestrel.Core.Internal.Http2.Http2FrameWriter.WriteHeaderUnsynchronized
2023-05-15 18:58:15.5451|49|TRACE|Microsoft.AspNetCore.Server.Kestrel.Http2|Connection id "0HMQLCM7OVR5H" sending DATA frame for stream ID 5 with length 10240 and flags NONE. |url: |action: |Microsoft.AspNetCore.Server.Kestrel.Core.Internal.Http2.Http2FrameWriter.WriteHeaderUnsynchronized
2023-05-15 18:58:15.5451|49|TRACE|Microsoft.AspNetCore.Server.Kestrel.Http2|Connection id "0HMQLCM7OVR5H" sending DATA frame for stream ID 5 with length 10240 and flags NONE. |url: |action: |Microsoft.AspNetCore.Server.Kestrel.Core.Internal.Http2.Http2FrameWriter.WriteHeaderUnsynchronized
2023-05-15 18:58:15.5987|49|TRACE|Microsoft.AspNetCore.Server.Kestrel.Http2|Connection id "0HMQLCM7OVR5H" sending DATA frame for stream ID 5 with length 10240 and flags NONE. |url: |action: |Microsoft.AspNetCore.Server.Kestrel.Core.Internal.Http2.Http2FrameWriter.WriteHeaderUnsynchronized
2023-05-15 18:58:15.5987|49|TRACE|Microsoft.AspNetCore.Server.Kestrel.Http2|Connection id "0HMQLCM7OVR5H" sending DATA frame for stream ID 5 with length 10240 and flags NONE. |url: |action: |Microsoft.AspNetCore.Server.Kestrel.Core.Internal.Http2.Http2FrameWriter.WriteHeaderUnsynchronized
2023-05-15 18:58:15.5987|49|TRACE|Microsoft.AspNetCore.Server.Kestrel.Http2|Connection id "0HMQLCM7OVR5H" sending DATA frame for stream ID 5 with length 10240 and flags NONE. |url: |action: |Microsoft.AspNetCore.Server.Kestrel.Core.Internal.Http2.Http2FrameWriter.WriteHeaderUnsynchronized
2023-05-15 18:58:15.5987|49|TRACE|Microsoft.AspNetCore.Server.Kestrel.Http2|Connection id "0HMQLCM7OVR5H" sending DATA frame for stream ID 5 with length 10240 and flags NONE. |url: |action: |Microsoft.AspNetCore.Server.Kestrel.Core.Internal.Http2.Http2FrameWriter.WriteHeaderUnsynchronized
2023-05-15 18:58:15.5987|49|TRACE|Microsoft.AspNetCore.Server.Kestrel.Http2|Connection id "0HMQLCM7OVR5H" sending DATA frame for stream ID 5 with length 10240 and flags NONE. |url: |action: |Microsoft.AspNetCore.Server.Kestrel.Core.Internal.Http2.Http2FrameWriter.WriteHeaderUnsynchronized
2023-05-15 18:58:15.5987|49|TRACE|Microsoft.AspNetCore.Server.Kestrel.Http2|Connection id "0HMQLCM7OVR5H" sending DATA frame for stream ID 5 with length 10240 and flags NONE. |url: |action: |Microsoft.AspNetCore.Server.Kestrel.Core.Internal.Http2.Http2FrameWriter.WriteHeaderUnsynchronized
2023-05-15 18:58:15.5987|49|TRACE|Microsoft.AspNetCore.Server.Kestrel.Http2|Connection id "0HMQLCM7OVR5H" sending DATA frame for stream ID 5 with length 10240 and flags NONE. |url: |action: |Microsoft.AspNetCore.Server.Kestrel.Core.Internal.Http2.Http2FrameWriter.WriteHeaderUnsynchronized
2023-05-15 18:58:15.5987|49|TRACE|Microsoft.AspNetCore.Server.Kestrel.Http2|Connection id "0HMQLCM7OVR5H" sending DATA frame for stream ID 5 with length 10240 and flags NONE. |url: |action: |Microsoft.AspNetCore.Server.Kestrel.Core.Internal.Http2.Http2FrameWriter.WriteHeaderUnsynchronized
2023-05-15 18:58:15.5987|49|TRACE|Microsoft.AspNetCore.Server.Kestrel.Http2|Connection id "0HMQLCM7OVR5H" sending DATA frame for stream ID 5 with length 10240 and flags NONE. |url: |action: |Microsoft.AspNetCore.Server.Kestrel.Core.Internal.Http2.Http2FrameWriter.WriteHeaderUnsynchronized
2023-05-15 18:58:15.5987|49|TRACE|Microsoft.AspNetCore.Server.Kestrel.Http2|Connection id "0HMQLCM7OVR5H" sending DATA frame for stream ID 5 with length 10240 and flags NONE. |url: |action: |Microsoft.AspNetCore.Server.Kestrel.Core.Internal.Http2.Http2FrameWriter.WriteHeaderUnsynchronized
2023-05-15 18:58:15.5987|49|TRACE|Microsoft.AspNetCore.Server.Kestrel.Http2|Connection id "0HMQLCM7OVR5H" sending DATA frame for stream ID 5 with length 10240 and flags NONE. |url: |action: |Microsoft.AspNetCore.Server.Kestrel.Core.Internal.Http2.Http2FrameWriter.WriteHeaderUnsynchronized
2023-05-15 18:58:15.5987|49|TRACE|Microsoft.AspNetCore.Server.Kestrel.Http2|Connection id "0HMQLCM7OVR5H" sending DATA frame for stream ID 5 with length 10240 and flags NONE. |url: |action: |Microsoft.AspNetCore.Server.Kestrel.Core.Internal.Http2.Http2FrameWriter.WriteHeaderUnsynchronized
2023-05-15 18:58:15.5987|49|TRACE|Microsoft.AspNetCore.Server.Kestrel.Http2|Connection id "0HMQLCM7OVR5H" sending DATA frame for stream ID 5 with length 10240 and flags NONE. |url: |action: |Microsoft.AspNetCore.Server.Kestrel.Core.Internal.Http2.Http2FrameWriter.WriteHeaderUnsynchronized
2023-05-15 18:58:15.6061|49|TRACE|Microsoft.AspNetCore.Server.Kestrel.Http2|Connection id "0HMQLCM7OVR5H" sending DATA frame for stream ID 5 with length 10240 and flags NONE. |url: |action: |Microsoft.AspNetCore.Server.Kestrel.Core.Internal.Http2.Http2FrameWriter.WriteHeaderUnsynchronized
2023-05-15 18:58:15.6061|49|TRACE|Microsoft.AspNetCore.Server.Kestrel.Http2|Connection id "0HMQLCM7OVR5H" sending DATA frame for stream ID 5 with length 10240 and flags NONE. |url: |action: |Microsoft.AspNetCore.Server.Kestrel.Core.Internal.Http2.Http2FrameWriter.WriteHeaderUnsynchronized
2023-05-15 18:58:15.6061|49|TRACE|Microsoft.AspNetCore.Server.Kestrel.Http2|Connection id "0HMQLCM7OVR5H" sending DATA frame for stream ID 5 with length 10240 and flags NONE. |url: |action: |Microsoft.AspNetCore.Server.Kestrel.Core.Internal.Http2.Http2FrameWriter.WriteHeaderUnsynchronized
2023-05-15 18:58:15.6061|49|TRACE|Microsoft.AspNetCore.Server.Kestrel.Http2|Connection id "0HMQLCM7OVR5H" sending DATA frame for stream ID 5 with length 10240 and flags NONE. |url: |action: |Microsoft.AspNetCore.Server.Kestrel.Core.Internal.Http2.Http2FrameWriter.WriteHeaderUnsynchronized
2023-05-15 18:58:15.6061|49|TRACE|Microsoft.AspNetCore.Server.Kestrel.Http2|Connection id "0HMQLCM7OVR5H" sending DATA frame for stream ID 5 with length 10240 and flags NONE. |url: |action: |Microsoft.AspNetCore.Server.Kestrel.Core.Internal.Http2.Http2FrameWriter.WriteHeaderUnsynchronized
2023-05-15 18:58:15.6061|49|TRACE|Microsoft.AspNetCore.Server.Kestrel.Http2|Connection id "0HMQLCM7OVR5H" sending DATA frame for stream ID 5 with length 10240 and flags NONE. |url: |action: |Microsoft.AspNetCore.Server.Kestrel.Core.Internal.Http2.Http2FrameWriter.WriteHeaderUnsynchronized
2023-05-15 18:58:15.6061|49|TRACE|Microsoft.AspNetCore.Server.Kestrel.Http2|Connection id "0HMQLCM7OVR5H" sending DATA frame for stream ID 5 with length 10240 and flags NONE. |url: |action: |Microsoft.AspNetCore.Server.Kestrel.Core.Internal.Http2.Http2FrameWriter.WriteHeaderUnsynchronized
2023-05-15 18:58:15.6061|49|TRACE|Microsoft.AspNetCore.Server.Kestrel.Http2|Connection id "0HMQLCM7OVR5H" sending DATA frame for stream ID 5 with length 10240 and flags NONE. |url: |action: |Microsoft.AspNetCore.Server.Kestrel.Core.Internal.Http2.Http2FrameWriter.WriteHeaderUnsynchronized
2023-05-15 18:58:15.6061|49|TRACE|Microsoft.AspNetCore.Server.Kestrel.Http2|Connection id "0HMQLCM7OVR5H" sending DATA frame for stream ID 5 with length 10240 and flags NONE. |url: |action: |Microsoft.AspNetCore.Server.Kestrel.Core.Internal.Http2.Http2FrameWriter.WriteHeaderUnsynchronized
2023-05-15 18:58:15.6376|49|TRACE|Microsoft.AspNetCore.Server.Kestrel.Http2|Connection id "0HMQLCM7OVR5H" sending DATA frame for stream ID 5 with length 10240 and flags NONE. |url: |action: |Microsoft.AspNetCore.Server.Kestrel.Core.Internal.Http2.Http2FrameWriter.WriteHeaderUnsynchronized
2023-05-15 18:58:15.6390|49|TRACE|Microsoft.AspNetCore.Server.Kestrel.Http2|Connection id "0HMQLCM7OVR5H" sending DATA frame for stream ID 5 with length 10240 and flags NONE. |url: |action: |Microsoft.AspNetCore.Server.Kestrel.Core.Internal.Http2.Http2FrameWriter.WriteHeaderUnsynchronized
2023-05-15 18:58:15.6390|49|TRACE|Microsoft.AspNetCore.Server.Kestrel.Http2|Connection id "0HMQLCM7OVR5H" sending DATA frame for stream ID 5 with length 10240 and flags NONE. |url: |action: |Microsoft.AspNetCore.Server.Kestrel.Core.Internal.Http2.Http2FrameWriter.WriteHeaderUnsynchronized
2023-05-15 18:58:15.6390|49|TRACE|Microsoft.AspNetCore.Server.Kestrel.Http2|Connection id "0HMQLCM7OVR5H" sending DATA frame for stream ID 5 with length 10240 and flags NONE. |url: |action: |Microsoft.AspNetCore.Server.Kestrel.Core.Internal.Http2.Http2FrameWriter.WriteHeaderUnsynchronized
2023-05-15 18:58:15.6390|49|TRACE|Microsoft.AspNetCore.Server.Kestrel.Http2|Connection id "0HMQLCM7OVR5H" sending DATA frame for stream ID 5 with length 10240 and flags NONE. |url: |action: |Microsoft.AspNetCore.Server.Kestrel.Core.Internal.Http2.Http2FrameWriter.WriteHeaderUnsynchronized
2023-05-15 18:58:15.6390|49|TRACE|Microsoft.AspNetCore.Server.Kestrel.Http2|Connection id "0HMQLCM7OVR5H" sending DATA frame for stream ID 5 with length 10240 and flags NONE. |url: |action: |Microsoft.AspNetCore.Server.Kestrel.Core.Internal.Http2.Http2FrameWriter.WriteHeaderUnsynchronized
2023-05-15 18:58:15.6541|49|TRACE|Microsoft.AspNetCore.Server.Kestrel.Http2|Connection id "0HMQLCM7OVR5H" sending DATA frame for stream ID 5 with length 10240 and flags NONE. |url: |action: |Microsoft.AspNetCore.Server.Kestrel.Core.Internal.Http2.Http2FrameWriter.WriteHeaderUnsynchronized
2023-05-15 18:58:15.6541|49|TRACE|Microsoft.AspNetCore.Server.Kestrel.Http2|Connection id "0HMQLCM7OVR5H" sending DATA frame for stream ID 5 with length 10240 and flags NONE. |url: |action: |Microsoft.AspNetCore.Server.Kestrel.Core.Internal.Http2.Http2FrameWriter.WriteHeaderUnsynchronized
2023-05-15 18:58:15.6541|49|TRACE|Microsoft.AspNetCore.Server.Kestrel.Http2|Connection id "0HMQLCM7OVR5H" sending DATA frame for stream ID 5 with length 10240 and flags NONE. |url: |action: |Microsoft.AspNetCore.Server.Kestrel.Core.Internal.Http2.Http2FrameWriter.WriteHeaderUnsynchronized
2023-05-15 18:58:15.6541|49|TRACE|Microsoft.AspNetCore.Server.Kestrel.Http2|Connection id "0HMQLCM7OVR5H" sending DATA frame for stream ID 5 with length 10240 and flags NONE. |url: |action: |Microsoft.AspNetCore.Server.Kestrel.Core.Internal.Http2.Http2FrameWriter.WriteHeaderUnsynchronized
2023-05-15 18:58:15.6541|49|TRACE|Microsoft.AspNetCore.Server.Kestrel.Http2|Connection id "0HMQLCM7OVR5H" sending DATA frame for stream ID 5 with length 10240 and flags NONE. |url: |action: |Microsoft.AspNetCore.Server.Kestrel.Core.Internal.Http2.Http2FrameWriter.WriteHeaderUnsynchronized
2023-05-15 18:58:15.6541|49|TRACE|Microsoft.AspNetCore.Server.Kestrel.Http2|Connection id "0HMQLCM7OVR5H" sending DATA frame for stream ID 5 with length 10240 and flags NONE. |url: |action: |Microsoft.AspNetCore.Server.Kestrel.Core.Internal.Http2.Http2FrameWriter.WriteHeaderUnsynchronized
2023-05-15 18:58:15.6692|49|TRACE|Microsoft.AspNetCore.Server.Kestrel.Http2|Connection id "0HMQLCM7OVR5H" sending DATA frame for stream ID 5 with length 10240 and flags NONE. |url: |action: |Microsoft.AspNetCore.Server.Kestrel.Core.Internal.Http2.Http2FrameWriter.WriteHeaderUnsynchronized
2023-05-15 18:58:15.6692|49|TRACE|Microsoft.AspNetCore.Server.Kestrel.Http2|Connection id "0HMQLCM7OVR5H" sending DATA frame for stream ID 5 with length 10240 and flags NONE. |url: |action: |Microsoft.AspNetCore.Server.Kestrel.Core.Internal.Http2.Http2FrameWriter.WriteHeaderUnsynchronized
2023-05-15 18:58:15.6692|49|TRACE|Microsoft.AspNetCore.Server.Kestrel.Http2|Connection id "0HMQLCM7OVR5H" sending DATA frame for stream ID 5 with length 403 and flags NONE. |url: |action: |Microsoft.AspNetCore.Server.Kestrel.Core.Internal.Http2.Http2FrameWriter.WriteHeaderUnsynchronized
2023-05-15 18:58:15.6692|49|TRACE|Microsoft.AspNetCore.Server.Kestrel.Http2|Connection id "0HMQLCM7OVR5H" sending DATA frame for stream ID 5 with length 0 and flags END_STREAM. |url: |action: |Microsoft.AspNetCore.Server.Kestrel.Core.Internal.Http2.Http2FrameWriter.WriteHeaderUnsynchronized
2023-05-15 18:58:15.7822|37|TRACE|Microsoft.AspNetCore.Server.Kestrel.Http2|Connection id "0HMQLCM7OVR5H" received HEADERS frame for stream ID 7 with length 66 and flags END_STREAM, END_HEADERS, PRIORITY. |url: |action: |Microsoft.AspNetCore.Server.Kestrel.Core.Internal.Http2.Http2Connection.ProcessRequestsAsync
2023-05-15 18:58:15.7822|2|TRACE|Microsoft.AspNetCore.HostFiltering.HostFilteringMiddleware|All hosts are allowed. |url: https://localhost/swagger/v1/swagger.json|action: |Microsoft.AspNetCore.HostFiltering.LoggerExtensions.AllHostsAllowed
2023-05-15 18:58:16.3051|49|TRACE|Microsoft.AspNetCore.Server.Kestrel.Http2|Connection id "0HMQLCM7OVR5H" sending HEADERS frame for stream ID 7 with length 35 and flags END_HEADERS. |url: https://localhost/swagger/v1/swagger.json|action: |Microsoft.AspNetCore.Server.Kestrel.Core.Internal.Http2.Http2FrameWriter.WriteHeaderUnsynchronized
2023-05-15 18:58:16.3051|49|TRACE|Microsoft.AspNetCore.Server.Kestrel.Http2|Connection id "0HMQLCM7OVR5H" sending DATA frame for stream ID 7 with length 4096 and flags NONE. |url: |action: |Microsoft.AspNetCore.Server.Kestrel.Core.Internal.Http2.Http2FrameWriter.WriteHeaderUnsynchronized
2023-05-15 18:58:16.3051|49|TRACE|Microsoft.AspNetCore.Server.Kestrel.Http2|Connection id "0HMQLCM7OVR5H" sending DATA frame for stream ID 7 with length 4096 and flags NONE. |url: |action: |Microsoft.AspNetCore.Server.Kestrel.Core.Internal.Http2.Http2FrameWriter.WriteHeaderUnsynchronized
2023-05-15 18:58:16.3051|49|TRACE|Microsoft.AspNetCore.Server.Kestrel.Http2|Connection id "0HMQLCM7OVR5H" sending DATA frame for stream ID 7 with length 4096 and flags NONE. |url: |action: |Microsoft.AspNetCore.Server.Kestrel.Core.Internal.Http2.Http2FrameWriter.WriteHeaderUnsynchronized
2023-05-15 18:58:16.3051|49|TRACE|Microsoft.AspNetCore.Server.Kestrel.Http2|Connection id "0HMQLCM7OVR5H" sending DATA frame for stream ID 7 with length 4096 and flags NONE. |url: |action: |Microsoft.AspNetCore.Server.Kestrel.Core.Internal.Http2.Http2FrameWriter.WriteHeaderUnsynchronized
2023-05-15 18:58:16.3093|49|TRACE|Microsoft.AspNetCore.Server.Kestrel.Http2|Connection id "0HMQLCM7OVR5H" sending DATA frame for stream ID 7 with length 4096 and flags NONE. |url: |action: |Microsoft.AspNetCore.Server.Kestrel.Core.Internal.Http2.Http2FrameWriter.WriteHeaderUnsynchronized
2023-05-15 18:58:16.3093|49|TRACE|Microsoft.AspNetCore.Server.Kestrel.Http2|Connection id "0HMQLCM7OVR5H" sending DATA frame for stream ID 7 with length 4096 and flags NONE. |url: |action: |Microsoft.AspNetCore.Server.Kestrel.Core.Internal.Http2.Http2FrameWriter.WriteHeaderUnsynchronized
2023-05-15 18:58:16.3093|49|TRACE|Microsoft.AspNetCore.Server.Kestrel.Http2|Connection id "0HMQLCM7OVR5H" sending DATA frame for stream ID 7 with length 4096 and flags NONE. |url: |action: |Microsoft.AspNetCore.Server.Kestrel.Core.Internal.Http2.Http2FrameWriter.WriteHeaderUnsynchronized
2023-05-15 18:58:16.3093|49|TRACE|Microsoft.AspNetCore.Server.Kestrel.Http2|Connection id "0HMQLCM7OVR5H" sending DATA frame for stream ID 7 with length 2463 and flags NONE. |url: |action: |Microsoft.AspNetCore.Server.Kestrel.Core.Internal.Http2.Http2FrameWriter.WriteHeaderUnsynchronized
2023-05-15 18:58:16.3093|49|TRACE|Microsoft.AspNetCore.Server.Kestrel.Http2|Connection id "0HMQLCM7OVR5H" sending DATA frame for stream ID 7 with length 0 and flags END_STREAM. |url: |action: |Microsoft.AspNetCore.Server.Kestrel.Core.Internal.Http2.Http2FrameWriter.WriteHeaderUnsynchronized
