2023-03-21 19:00:31.5643|49|TRACE|Microsoft.AspNetCore.Server.Kestrel.Http2|Connection id "0HMPA6OKF4BU8" sending SETTINGS frame for stream ID 0 with length 18 and flags NONE. |url: |action: |Microsoft.AspNetCore.Server.Kestrel.Core.Internal.Http2.Http2FrameWriter.WriteHeaderUnsynchronized
2023-03-21 19:00:31.7460|49|TRACE|Microsoft.AspNetCore.Server.Kestrel.Http2|Connection id "0HMPA6OKF4BU8" sending WINDOW_UPDATE frame for stream ID 0 with length 4 and flags 0x0. |url: |action: |Microsoft.AspNetCore.Server.Kestrel.Core.Internal.Http2.Http2FrameWriter.WriteHeaderUnsynchronized
2023-03-21 19:00:31.7460|37|TRACE|Microsoft.AspNetCore.Server.Kestrel.Http2|Connection id "0HMPA6OKF4BU8" received SETTINGS frame for stream ID 0 with length 30 and flags NONE. |url: |action: |Microsoft.AspNetCore.Server.Kestrel.Core.Internal.Http2.Http2Connection.ProcessRequestsAsync
2023-03-21 19:00:31.7460|49|TRACE|Microsoft.AspNetCore.Server.Kestrel.Http2|Connection id "0HMPA6OKF4BU8" sending SETTINGS frame for stream ID 0 with length 0 and flags ACK. |url: |action: |Microsoft.AspNetCore.Server.Kestrel.Core.Internal.Http2.Http2FrameWriter.WriteHeaderUnsynchronized
2023-03-21 19:00:31.7460|37|TRACE|Microsoft.AspNetCore.Server.Kestrel.Http2|Connection id "0HMPA6OKF4BU8" received WINDOW_UPDATE frame for stream ID 0 with length 4 and flags 0x0. |url: |action: |Microsoft.AspNetCore.Server.Kestrel.Core.Internal.Http2.Http2Connection.ProcessRequestsAsync
2023-03-21 19:00:31.7460|37|TRACE|Microsoft.AspNetCore.Server.Kestrel.Http2|Connection id "0HMPA6OKF4BU8" received HEADERS frame for stream ID 1 with length 474 and flags END_STREAM, END_HEADERS, PRIORITY. |url: |action: |Microsoft.AspNetCore.Server.Kestrel.Core.Internal.Http2.Http2Connection.ProcessRequestsAsync
2023-03-21 19:00:31.7961|37|TRACE|Microsoft.AspNetCore.Server.Kestrel.Http2|Connection id "0HMPA6OKF4BU8" received SETTINGS frame for stream ID 0 with length 0 and flags ACK. |url: |action: |Microsoft.AspNetCore.Server.Kestrel.Core.Internal.Http2.Http2Connection.ProcessRequestsAsync
2023-03-21 19:00:31.8665|2|TRACE|Microsoft.AspNetCore.HostFiltering.HostFilteringMiddleware|All hosts are allowed. |url: https://localhost/swagger/index.html|action: |Microsoft.AspNetCore.HostFiltering.LoggerExtensions.AllHostsAllowed
2023-03-21 19:00:32.1376|49|TRACE|Microsoft.AspNetCore.Server.Kestrel.Http2|Connection id "0HMPA6OKF4BU8" sending HEADERS frame for stream ID 1 with length 66 and flags END_HEADERS. |url: https://localhost/swagger/index.html|action: |Microsoft.AspNetCore.Server.Kestrel.Core.Internal.Http2.Http2FrameWriter.WriteHeaderUnsynchronized
2023-03-21 19:00:32.4199|49|TRACE|Microsoft.AspNetCore.Server.Kestrel.Http2|Connection id "0HMPA6OKF4BU8" sending DATA frame for stream ID 1 with length 1024 and flags NONE. |url: |action: |Microsoft.AspNetCore.Server.Kestrel.Core.Internal.Http2.Http2FrameWriter.WriteHeaderUnsynchronized
2023-03-21 19:00:32.4199|49|TRACE|Microsoft.AspNetCore.Server.Kestrel.Http2|Connection id "0HMPA6OKF4BU8" sending DATA frame for stream ID 1 with length 1024 and flags NONE. |url: |action: |Microsoft.AspNetCore.Server.Kestrel.Core.Internal.Http2.Http2FrameWriter.WriteHeaderUnsynchronized
2023-03-21 19:00:32.4296|49|TRACE|Microsoft.AspNetCore.Server.Kestrel.Http2|Connection id "0HMPA6OKF4BU8" sending DATA frame for stream ID 1 with length 1024 and flags NONE. |url: |action: |Microsoft.AspNetCore.Server.Kestrel.Core.Internal.Http2.Http2FrameWriter.WriteHeaderUnsynchronized
2023-03-21 19:00:32.4296|49|TRACE|Microsoft.AspNetCore.Server.Kestrel.Http2|Connection id "0HMPA6OKF4BU8" sending DATA frame for stream ID 1 with length 1024 and flags NONE. |url: |action: |Microsoft.AspNetCore.Server.Kestrel.Core.Internal.Http2.Http2FrameWriter.WriteHeaderUnsynchronized
2023-03-21 19:00:32.4296|49|TRACE|Microsoft.AspNetCore.Server.Kestrel.Http2|Connection id "0HMPA6OKF4BU8" sending DATA frame for stream ID 1 with length 992 and flags NONE. |url: |action: |Microsoft.AspNetCore.Server.Kestrel.Core.Internal.Http2.Http2FrameWriter.WriteHeaderUnsynchronized
2023-03-21 19:00:32.4296|49|TRACE|Microsoft.AspNetCore.Server.Kestrel.Http2|Connection id "0HMPA6OKF4BU8" sending DATA frame for stream ID 1 with length 65 and flags NONE. |url: |action: |Microsoft.AspNetCore.Server.Kestrel.Core.Internal.Http2.Http2FrameWriter.WriteHeaderUnsynchronized
2023-03-21 19:00:32.4296|49|TRACE|Microsoft.AspNetCore.Server.Kestrel.Http2|Connection id "0HMPA6OKF4BU8" sending DATA frame for stream ID 1 with length 16 and flags NONE. |url: |action: |Microsoft.AspNetCore.Server.Kestrel.Core.Internal.Http2.Http2FrameWriter.WriteHeaderUnsynchronized
2023-03-21 19:00:32.5087|37|TRACE|Microsoft.AspNetCore.Server.Kestrel.Http2|Connection id "0HMPA6OKF4BU8" received HEADERS frame for stream ID 3 with length 109 and flags END_STREAM, END_HEADERS, PRIORITY. |url: |action: |Microsoft.AspNetCore.Server.Kestrel.Core.Internal.Http2.Http2Connection.ProcessRequestsAsync
2023-03-21 19:00:32.5087|49|TRACE|Microsoft.AspNetCore.Server.Kestrel.Http2|Connection id "0HMPA6OKF4BU8" sending DATA frame for stream ID 1 with length 0 and flags END_STREAM. |url: |action: |Microsoft.AspNetCore.Server.Kestrel.Core.Internal.Http2.Http2FrameWriter.WriteHeaderUnsynchronized
2023-03-21 19:00:32.5230|49|TRACE|Microsoft.AspNetCore.Server.Kestrel.Http2|Connection id "0HMPA6OKF4BU8" sending HEADERS frame for stream ID 3 with length 90 and flags END_HEADERS. |url: https://localhost/_framework/aspnetcore-browser-refresh.js|action: |Microsoft.AspNetCore.Server.Kestrel.Core.Internal.Http2.Http2FrameWriter.WriteHeaderUnsynchronized
2023-03-21 19:00:32.5230|49|TRACE|Microsoft.AspNetCore.Server.Kestrel.Http2|Connection id "0HMPA6OKF4BU8" sending DATA frame for stream ID 3 with length 11990 and flags NONE. |url: |action: |Microsoft.AspNetCore.Server.Kestrel.Core.Internal.Http2.Http2FrameWriter.WriteHeaderUnsynchronized
2023-03-21 19:00:32.5230|49|TRACE|Microsoft.AspNetCore.Server.Kestrel.Http2|Connection id "0HMPA6OKF4BU8" sending DATA frame for stream ID 3 with length 0 and flags END_STREAM. |url: |action: |Microsoft.AspNetCore.Server.Kestrel.Core.Internal.Http2.Http2FrameWriter.WriteHeaderUnsynchronized
2023-03-21 19:00:35.6841|37|TRACE|Microsoft.AspNetCore.Server.Kestrel.Http2|Connection id "0HMPA6OKF4BU8" received HEADERS frame for stream ID 5 with length 57 and flags END_STREAM, END_HEADERS, PRIORITY. |url: |action: |Microsoft.AspNetCore.Server.Kestrel.Core.Internal.Http2.Http2Connection.ProcessRequestsAsync
2023-03-21 19:00:35.7204|49|TRACE|Microsoft.AspNetCore.Server.Kestrel.Http2|Connection id "0HMPA6OKF4BU8" sending HEADERS frame for stream ID 5 with length 149 and flags END_HEADERS. |url: https://localhost/_vs/browserLink|action: |Microsoft.AspNetCore.Server.Kestrel.Core.Internal.Http2.Http2FrameWriter.WriteHeaderUnsynchronized
2023-03-21 19:00:35.7204|49|TRACE|Microsoft.AspNetCore.Server.Kestrel.Http2|Connection id "0HMPA6OKF4BU8" sending DATA frame for stream ID 5 with length 9986 and flags NONE. |url: |action: |Microsoft.AspNetCore.Server.Kestrel.Core.Internal.Http2.Http2FrameWriter.WriteHeaderUnsynchronized
2023-03-21 19:00:35.7204|49|TRACE|Microsoft.AspNetCore.Server.Kestrel.Http2|Connection id "0HMPA6OKF4BU8" sending DATA frame for stream ID 5 with length 10240 and flags NONE. |url: |action: |Microsoft.AspNetCore.Server.Kestrel.Core.Internal.Http2.Http2FrameWriter.WriteHeaderUnsynchronized
2023-03-21 19:00:35.7204|49|TRACE|Microsoft.AspNetCore.Server.Kestrel.Http2|Connection id "0HMPA6OKF4BU8" sending DATA frame for stream ID 5 with length 10240 and flags NONE. |url: |action: |Microsoft.AspNetCore.Server.Kestrel.Core.Internal.Http2.Http2FrameWriter.WriteHeaderUnsynchronized
2023-03-21 19:00:35.7204|49|TRACE|Microsoft.AspNetCore.Server.Kestrel.Http2|Connection id "0HMPA6OKF4BU8" sending DATA frame for stream ID 5 with length 10240 and flags NONE. |url: |action: |Microsoft.AspNetCore.Server.Kestrel.Core.Internal.Http2.Http2FrameWriter.WriteHeaderUnsynchronized
2023-03-21 19:00:35.7256|49|TRACE|Microsoft.AspNetCore.Server.Kestrel.Http2|Connection id "0HMPA6OKF4BU8" sending DATA frame for stream ID 5 with length 10240 and flags NONE. |url: |action: |Microsoft.AspNetCore.Server.Kestrel.Core.Internal.Http2.Http2FrameWriter.WriteHeaderUnsynchronized
2023-03-21 19:00:35.7256|49|TRACE|Microsoft.AspNetCore.Server.Kestrel.Http2|Connection id "0HMPA6OKF4BU8" sending DATA frame for stream ID 5 with length 10240 and flags NONE. |url: |action: |Microsoft.AspNetCore.Server.Kestrel.Core.Internal.Http2.Http2FrameWriter.WriteHeaderUnsynchronized
2023-03-21 19:00:35.7256|49|TRACE|Microsoft.AspNetCore.Server.Kestrel.Http2|Connection id "0HMPA6OKF4BU8" sending DATA frame for stream ID 5 with length 10240 and flags NONE. |url: |action: |Microsoft.AspNetCore.Server.Kestrel.Core.Internal.Http2.Http2FrameWriter.WriteHeaderUnsynchronized
2023-03-21 19:00:35.7256|49|TRACE|Microsoft.AspNetCore.Server.Kestrel.Http2|Connection id "0HMPA6OKF4BU8" sending DATA frame for stream ID 5 with length 10240 and flags NONE. |url: |action: |Microsoft.AspNetCore.Server.Kestrel.Core.Internal.Http2.Http2FrameWriter.WriteHeaderUnsynchronized
2023-03-21 19:00:35.7256|49|TRACE|Microsoft.AspNetCore.Server.Kestrel.Http2|Connection id "0HMPA6OKF4BU8" sending DATA frame for stream ID 5 with length 10240 and flags NONE. |url: |action: |Microsoft.AspNetCore.Server.Kestrel.Core.Internal.Http2.Http2FrameWriter.WriteHeaderUnsynchronized
2023-03-21 19:00:35.7256|49|TRACE|Microsoft.AspNetCore.Server.Kestrel.Http2|Connection id "0HMPA6OKF4BU8" sending DATA frame for stream ID 5 with length 10240 and flags NONE. |url: |action: |Microsoft.AspNetCore.Server.Kestrel.Core.Internal.Http2.Http2FrameWriter.WriteHeaderUnsynchronized
2023-03-21 19:00:35.7256|49|TRACE|Microsoft.AspNetCore.Server.Kestrel.Http2|Connection id "0HMPA6OKF4BU8" sending DATA frame for stream ID 5 with length 10240 and flags NONE. |url: |action: |Microsoft.AspNetCore.Server.Kestrel.Core.Internal.Http2.Http2FrameWriter.WriteHeaderUnsynchronized
2023-03-21 19:00:35.7256|49|TRACE|Microsoft.AspNetCore.Server.Kestrel.Http2|Connection id "0HMPA6OKF4BU8" sending DATA frame for stream ID 5 with length 10240 and flags NONE. |url: |action: |Microsoft.AspNetCore.Server.Kestrel.Core.Internal.Http2.Http2FrameWriter.WriteHeaderUnsynchronized
2023-03-21 19:00:35.7256|49|TRACE|Microsoft.AspNetCore.Server.Kestrel.Http2|Connection id "0HMPA6OKF4BU8" sending DATA frame for stream ID 5 with length 10240 and flags NONE. |url: |action: |Microsoft.AspNetCore.Server.Kestrel.Core.Internal.Http2.Http2FrameWriter.WriteHeaderUnsynchronized
2023-03-21 19:00:35.7256|49|TRACE|Microsoft.AspNetCore.Server.Kestrel.Http2|Connection id "0HMPA6OKF4BU8" sending DATA frame for stream ID 5 with length 10240 and flags NONE. |url: |action: |Microsoft.AspNetCore.Server.Kestrel.Core.Internal.Http2.Http2FrameWriter.WriteHeaderUnsynchronized
2023-03-21 19:00:35.7256|49|TRACE|Microsoft.AspNetCore.Server.Kestrel.Http2|Connection id "0HMPA6OKF4BU8" sending DATA frame for stream ID 5 with length 10240 and flags NONE. |url: |action: |Microsoft.AspNetCore.Server.Kestrel.Core.Internal.Http2.Http2FrameWriter.WriteHeaderUnsynchronized
2023-03-21 19:00:35.7256|49|TRACE|Microsoft.AspNetCore.Server.Kestrel.Http2|Connection id "0HMPA6OKF4BU8" sending DATA frame for stream ID 5 with length 10240 and flags NONE. |url: |action: |Microsoft.AspNetCore.Server.Kestrel.Core.Internal.Http2.Http2FrameWriter.WriteHeaderUnsynchronized
2023-03-21 19:00:35.7417|49|TRACE|Microsoft.AspNetCore.Server.Kestrel.Http2|Connection id "0HMPA6OKF4BU8" sending DATA frame for stream ID 5 with length 10240 and flags NONE. |url: |action: |Microsoft.AspNetCore.Server.Kestrel.Core.Internal.Http2.Http2FrameWriter.WriteHeaderUnsynchronized
2023-03-21 19:00:35.7417|49|TRACE|Microsoft.AspNetCore.Server.Kestrel.Http2|Connection id "0HMPA6OKF4BU8" sending DATA frame for stream ID 5 with length 10240 and flags NONE. |url: |action: |Microsoft.AspNetCore.Server.Kestrel.Core.Internal.Http2.Http2FrameWriter.WriteHeaderUnsynchronized
2023-03-21 19:00:35.7417|49|TRACE|Microsoft.AspNetCore.Server.Kestrel.Http2|Connection id "0HMPA6OKF4BU8" sending DATA frame for stream ID 5 with length 10240 and flags NONE. |url: |action: |Microsoft.AspNetCore.Server.Kestrel.Core.Internal.Http2.Http2FrameWriter.WriteHeaderUnsynchronized
2023-03-21 19:00:35.7417|49|TRACE|Microsoft.AspNetCore.Server.Kestrel.Http2|Connection id "0HMPA6OKF4BU8" sending DATA frame for stream ID 5 with length 10240 and flags NONE. |url: |action: |Microsoft.AspNetCore.Server.Kestrel.Core.Internal.Http2.Http2FrameWriter.WriteHeaderUnsynchronized
2023-03-21 19:00:35.7417|49|TRACE|Microsoft.AspNetCore.Server.Kestrel.Http2|Connection id "0HMPA6OKF4BU8" sending DATA frame for stream ID 5 with length 10240 and flags NONE. |url: |action: |Microsoft.AspNetCore.Server.Kestrel.Core.Internal.Http2.Http2FrameWriter.WriteHeaderUnsynchronized
2023-03-21 19:00:35.7417|49|TRACE|Microsoft.AspNetCore.Server.Kestrel.Http2|Connection id "0HMPA6OKF4BU8" sending DATA frame for stream ID 5 with length 10240 and flags NONE. |url: |action: |Microsoft.AspNetCore.Server.Kestrel.Core.Internal.Http2.Http2FrameWriter.WriteHeaderUnsynchronized
2023-03-21 19:00:35.7417|49|TRACE|Microsoft.AspNetCore.Server.Kestrel.Http2|Connection id "0HMPA6OKF4BU8" sending DATA frame for stream ID 5 with length 10240 and flags NONE. |url: |action: |Microsoft.AspNetCore.Server.Kestrel.Core.Internal.Http2.Http2FrameWriter.WriteHeaderUnsynchronized
2023-03-21 19:00:35.7417|49|TRACE|Microsoft.AspNetCore.Server.Kestrel.Http2|Connection id "0HMPA6OKF4BU8" sending DATA frame for stream ID 5 with length 10240 and flags NONE. |url: |action: |Microsoft.AspNetCore.Server.Kestrel.Core.Internal.Http2.Http2FrameWriter.WriteHeaderUnsynchronized
2023-03-21 19:00:35.7417|49|TRACE|Microsoft.AspNetCore.Server.Kestrel.Http2|Connection id "0HMPA6OKF4BU8" sending DATA frame for stream ID 5 with length 10240 and flags NONE. |url: |action: |Microsoft.AspNetCore.Server.Kestrel.Core.Internal.Http2.Http2FrameWriter.WriteHeaderUnsynchronized
2023-03-21 19:00:35.7417|49|TRACE|Microsoft.AspNetCore.Server.Kestrel.Http2|Connection id "0HMPA6OKF4BU8" sending DATA frame for stream ID 5 with length 10240 and flags NONE. |url: |action: |Microsoft.AspNetCore.Server.Kestrel.Core.Internal.Http2.Http2FrameWriter.WriteHeaderUnsynchronized
2023-03-21 19:00:35.7576|49|TRACE|Microsoft.AspNetCore.Server.Kestrel.Http2|Connection id "0HMPA6OKF4BU8" sending DATA frame for stream ID 5 with length 10240 and flags NONE. |url: |action: |Microsoft.AspNetCore.Server.Kestrel.Core.Internal.Http2.Http2FrameWriter.WriteHeaderUnsynchronized
2023-03-21 19:00:35.7576|49|TRACE|Microsoft.AspNetCore.Server.Kestrel.Http2|Connection id "0HMPA6OKF4BU8" sending DATA frame for stream ID 5 with length 10240 and flags NONE. |url: |action: |Microsoft.AspNetCore.Server.Kestrel.Core.Internal.Http2.Http2FrameWriter.WriteHeaderUnsynchronized
2023-03-21 19:00:35.7576|49|TRACE|Microsoft.AspNetCore.Server.Kestrel.Http2|Connection id "0HMPA6OKF4BU8" sending DATA frame for stream ID 5 with length 10240 and flags NONE. |url: |action: |Microsoft.AspNetCore.Server.Kestrel.Core.Internal.Http2.Http2FrameWriter.WriteHeaderUnsynchronized
2023-03-21 19:00:35.7576|49|TRACE|Microsoft.AspNetCore.Server.Kestrel.Http2|Connection id "0HMPA6OKF4BU8" sending DATA frame for stream ID 5 with length 10240 and flags NONE. |url: |action: |Microsoft.AspNetCore.Server.Kestrel.Core.Internal.Http2.Http2FrameWriter.WriteHeaderUnsynchronized
2023-03-21 19:00:35.7576|49|TRACE|Microsoft.AspNetCore.Server.Kestrel.Http2|Connection id "0HMPA6OKF4BU8" sending DATA frame for stream ID 5 with length 10240 and flags NONE. |url: |action: |Microsoft.AspNetCore.Server.Kestrel.Core.Internal.Http2.Http2FrameWriter.WriteHeaderUnsynchronized
2023-03-21 19:00:35.7576|49|TRACE|Microsoft.AspNetCore.Server.Kestrel.Http2|Connection id "0HMPA6OKF4BU8" sending DATA frame for stream ID 5 with length 10240 and flags NONE. |url: |action: |Microsoft.AspNetCore.Server.Kestrel.Core.Internal.Http2.Http2FrameWriter.WriteHeaderUnsynchronized
2023-03-21 19:00:35.7576|49|TRACE|Microsoft.AspNetCore.Server.Kestrel.Http2|Connection id "0HMPA6OKF4BU8" sending DATA frame for stream ID 5 with length 10240 and flags NONE. |url: |action: |Microsoft.AspNetCore.Server.Kestrel.Core.Internal.Http2.Http2FrameWriter.WriteHeaderUnsynchronized
2023-03-21 19:00:35.7576|49|TRACE|Microsoft.AspNetCore.Server.Kestrel.Http2|Connection id "0HMPA6OKF4BU8" sending DATA frame for stream ID 5 with length 10240 and flags NONE. |url: |action: |Microsoft.AspNetCore.Server.Kestrel.Core.Internal.Http2.Http2FrameWriter.WriteHeaderUnsynchronized
2023-03-21 19:00:35.7576|49|TRACE|Microsoft.AspNetCore.Server.Kestrel.Http2|Connection id "0HMPA6OKF4BU8" sending DATA frame for stream ID 5 with length 10240 and flags NONE. |url: |action: |Microsoft.AspNetCore.Server.Kestrel.Core.Internal.Http2.Http2FrameWriter.WriteHeaderUnsynchronized
2023-03-21 19:00:35.7576|49|TRACE|Microsoft.AspNetCore.Server.Kestrel.Http2|Connection id "0HMPA6OKF4BU8" sending DATA frame for stream ID 5 with length 10240 and flags NONE. |url: |action: |Microsoft.AspNetCore.Server.Kestrel.Core.Internal.Http2.Http2FrameWriter.WriteHeaderUnsynchronized
2023-03-21 19:00:35.7576|49|TRACE|Microsoft.AspNetCore.Server.Kestrel.Http2|Connection id "0HMPA6OKF4BU8" sending DATA frame for stream ID 5 with length 10240 and flags NONE. |url: |action: |Microsoft.AspNetCore.Server.Kestrel.Core.Internal.Http2.Http2FrameWriter.WriteHeaderUnsynchronized
2023-03-21 19:00:35.7576|49|TRACE|Microsoft.AspNetCore.Server.Kestrel.Http2|Connection id "0HMPA6OKF4BU8" sending DATA frame for stream ID 5 with length 10240 and flags NONE. |url: |action: |Microsoft.AspNetCore.Server.Kestrel.Core.Internal.Http2.Http2FrameWriter.WriteHeaderUnsynchronized
2023-03-21 19:00:35.7576|49|TRACE|Microsoft.AspNetCore.Server.Kestrel.Http2|Connection id "0HMPA6OKF4BU8" sending DATA frame for stream ID 5 with length 10240 and flags NONE. |url: |action: |Microsoft.AspNetCore.Server.Kestrel.Core.Internal.Http2.Http2FrameWriter.WriteHeaderUnsynchronized
2023-03-21 19:00:35.7741|49|TRACE|Microsoft.AspNetCore.Server.Kestrel.Http2|Connection id "0HMPA6OKF4BU8" sending DATA frame for stream ID 5 with length 10240 and flags NONE. |url: |action: |Microsoft.AspNetCore.Server.Kestrel.Core.Internal.Http2.Http2FrameWriter.WriteHeaderUnsynchronized
2023-03-21 19:00:35.7741|49|TRACE|Microsoft.AspNetCore.Server.Kestrel.Http2|Connection id "0HMPA6OKF4BU8" sending DATA frame for stream ID 5 with length 10240 and flags NONE. |url: |action: |Microsoft.AspNetCore.Server.Kestrel.Core.Internal.Http2.Http2FrameWriter.WriteHeaderUnsynchronized
2023-03-21 19:00:35.7741|49|TRACE|Microsoft.AspNetCore.Server.Kestrel.Http2|Connection id "0HMPA6OKF4BU8" sending DATA frame for stream ID 5 with length 10240 and flags NONE. |url: |action: |Microsoft.AspNetCore.Server.Kestrel.Core.Internal.Http2.Http2FrameWriter.WriteHeaderUnsynchronized
2023-03-21 19:00:35.7741|49|TRACE|Microsoft.AspNetCore.Server.Kestrel.Http2|Connection id "0HMPA6OKF4BU8" sending DATA frame for stream ID 5 with length 10240 and flags NONE. |url: |action: |Microsoft.AspNetCore.Server.Kestrel.Core.Internal.Http2.Http2FrameWriter.WriteHeaderUnsynchronized
2023-03-21 19:00:35.7741|49|TRACE|Microsoft.AspNetCore.Server.Kestrel.Http2|Connection id "0HMPA6OKF4BU8" sending DATA frame for stream ID 5 with length 10240 and flags NONE. |url: |action: |Microsoft.AspNetCore.Server.Kestrel.Core.Internal.Http2.Http2FrameWriter.WriteHeaderUnsynchronized
2023-03-21 19:00:35.7741|49|TRACE|Microsoft.AspNetCore.Server.Kestrel.Http2|Connection id "0HMPA6OKF4BU8" sending DATA frame for stream ID 5 with length 10240 and flags NONE. |url: |action: |Microsoft.AspNetCore.Server.Kestrel.Core.Internal.Http2.Http2FrameWriter.WriteHeaderUnsynchronized
2023-03-21 19:00:35.7741|49|TRACE|Microsoft.AspNetCore.Server.Kestrel.Http2|Connection id "0HMPA6OKF4BU8" sending DATA frame for stream ID 5 with length 10240 and flags NONE. |url: |action: |Microsoft.AspNetCore.Server.Kestrel.Core.Internal.Http2.Http2FrameWriter.WriteHeaderUnsynchronized
2023-03-21 19:00:35.7741|49|TRACE|Microsoft.AspNetCore.Server.Kestrel.Http2|Connection id "0HMPA6OKF4BU8" sending DATA frame for stream ID 5 with length 10240 and flags NONE. |url: |action: |Microsoft.AspNetCore.Server.Kestrel.Core.Internal.Http2.Http2FrameWriter.WriteHeaderUnsynchronized
2023-03-21 19:00:35.7741|49|TRACE|Microsoft.AspNetCore.Server.Kestrel.Http2|Connection id "0HMPA6OKF4BU8" sending DATA frame for stream ID 5 with length 10240 and flags NONE. |url: |action: |Microsoft.AspNetCore.Server.Kestrel.Core.Internal.Http2.Http2FrameWriter.WriteHeaderUnsynchronized
2023-03-21 19:00:35.7741|49|TRACE|Microsoft.AspNetCore.Server.Kestrel.Http2|Connection id "0HMPA6OKF4BU8" sending DATA frame for stream ID 5 with length 10240 and flags NONE. |url: |action: |Microsoft.AspNetCore.Server.Kestrel.Core.Internal.Http2.Http2FrameWriter.WriteHeaderUnsynchronized
2023-03-21 19:00:35.7741|49|TRACE|Microsoft.AspNetCore.Server.Kestrel.Http2|Connection id "0HMPA6OKF4BU8" sending DATA frame for stream ID 5 with length 10240 and flags NONE. |url: |action: |Microsoft.AspNetCore.Server.Kestrel.Core.Internal.Http2.Http2FrameWriter.WriteHeaderUnsynchronized
2023-03-21 19:00:35.7741|49|TRACE|Microsoft.AspNetCore.Server.Kestrel.Http2|Connection id "0HMPA6OKF4BU8" sending DATA frame for stream ID 5 with length 10240 and flags NONE. |url: |action: |Microsoft.AspNetCore.Server.Kestrel.Core.Internal.Http2.Http2FrameWriter.WriteHeaderUnsynchronized
2023-03-21 19:00:35.7902|49|TRACE|Microsoft.AspNetCore.Server.Kestrel.Http2|Connection id "0HMPA6OKF4BU8" sending DATA frame for stream ID 5 with length 10240 and flags NONE. |url: |action: |Microsoft.AspNetCore.Server.Kestrel.Core.Internal.Http2.Http2FrameWriter.WriteHeaderUnsynchronized
2023-03-21 19:00:35.7902|49|TRACE|Microsoft.AspNetCore.Server.Kestrel.Http2|Connection id "0HMPA6OKF4BU8" sending DATA frame for stream ID 5 with length 10240 and flags NONE. |url: |action: |Microsoft.AspNetCore.Server.Kestrel.Core.Internal.Http2.Http2FrameWriter.WriteHeaderUnsynchronized
2023-03-21 19:00:35.7902|49|TRACE|Microsoft.AspNetCore.Server.Kestrel.Http2|Connection id "0HMPA6OKF4BU8" sending DATA frame for stream ID 5 with length 10240 and flags NONE. |url: |action: |Microsoft.AspNetCore.Server.Kestrel.Core.Internal.Http2.Http2FrameWriter.WriteHeaderUnsynchronized
2023-03-21 19:00:35.7902|49|TRACE|Microsoft.AspNetCore.Server.Kestrel.Http2|Connection id "0HMPA6OKF4BU8" sending DATA frame for stream ID 5 with length 10240 and flags NONE. |url: |action: |Microsoft.AspNetCore.Server.Kestrel.Core.Internal.Http2.Http2FrameWriter.WriteHeaderUnsynchronized
2023-03-21 19:00:35.7902|49|TRACE|Microsoft.AspNetCore.Server.Kestrel.Http2|Connection id "0HMPA6OKF4BU8" sending DATA frame for stream ID 5 with length 10240 and flags NONE. |url: |action: |Microsoft.AspNetCore.Server.Kestrel.Core.Internal.Http2.Http2FrameWriter.WriteHeaderUnsynchronized
2023-03-21 19:00:35.7902|49|TRACE|Microsoft.AspNetCore.Server.Kestrel.Http2|Connection id "0HMPA6OKF4BU8" sending DATA frame for stream ID 5 with length 10240 and flags NONE. |url: |action: |Microsoft.AspNetCore.Server.Kestrel.Core.Internal.Http2.Http2FrameWriter.WriteHeaderUnsynchronized
2023-03-21 19:00:35.7902|49|TRACE|Microsoft.AspNetCore.Server.Kestrel.Http2|Connection id "0HMPA6OKF4BU8" sending DATA frame for stream ID 5 with length 10240 and flags NONE. |url: |action: |Microsoft.AspNetCore.Server.Kestrel.Core.Internal.Http2.Http2FrameWriter.WriteHeaderUnsynchronized
2023-03-21 19:00:35.7902|49|TRACE|Microsoft.AspNetCore.Server.Kestrel.Http2|Connection id "0HMPA6OKF4BU8" sending DATA frame for stream ID 5 with length 10240 and flags NONE. |url: |action: |Microsoft.AspNetCore.Server.Kestrel.Core.Internal.Http2.Http2FrameWriter.WriteHeaderUnsynchronized
2023-03-21 19:00:35.7902|49|TRACE|Microsoft.AspNetCore.Server.Kestrel.Http2|Connection id "0HMPA6OKF4BU8" sending DATA frame for stream ID 5 with length 10240 and flags NONE. |url: |action: |Microsoft.AspNetCore.Server.Kestrel.Core.Internal.Http2.Http2FrameWriter.WriteHeaderUnsynchronized
2023-03-21 19:00:35.7902|49|TRACE|Microsoft.AspNetCore.Server.Kestrel.Http2|Connection id "0HMPA6OKF4BU8" sending DATA frame for stream ID 5 with length 10240 and flags NONE. |url: |action: |Microsoft.AspNetCore.Server.Kestrel.Core.Internal.Http2.Http2FrameWriter.WriteHeaderUnsynchronized
2023-03-21 19:00:35.7902|49|TRACE|Microsoft.AspNetCore.Server.Kestrel.Http2|Connection id "0HMPA6OKF4BU8" sending DATA frame for stream ID 5 with length 10240 and flags NONE. |url: |action: |Microsoft.AspNetCore.Server.Kestrel.Core.Internal.Http2.Http2FrameWriter.WriteHeaderUnsynchronized
2023-03-21 19:00:35.7902|49|TRACE|Microsoft.AspNetCore.Server.Kestrel.Http2|Connection id "0HMPA6OKF4BU8" sending DATA frame for stream ID 5 with length 10240 and flags NONE. |url: |action: |Microsoft.AspNetCore.Server.Kestrel.Core.Internal.Http2.Http2FrameWriter.WriteHeaderUnsynchronized
2023-03-21 19:00:35.7902|49|TRACE|Microsoft.AspNetCore.Server.Kestrel.Http2|Connection id "0HMPA6OKF4BU8" sending DATA frame for stream ID 5 with length 10240 and flags NONE. |url: |action: |Microsoft.AspNetCore.Server.Kestrel.Core.Internal.Http2.Http2FrameWriter.WriteHeaderUnsynchronized
2023-03-21 19:00:35.8047|49|TRACE|Microsoft.AspNetCore.Server.Kestrel.Http2|Connection id "0HMPA6OKF4BU8" sending DATA frame for stream ID 5 with length 10240 and flags NONE. |url: |action: |Microsoft.AspNetCore.Server.Kestrel.Core.Internal.Http2.Http2FrameWriter.WriteHeaderUnsynchronized
2023-03-21 19:00:35.8047|49|TRACE|Microsoft.AspNetCore.Server.Kestrel.Http2|Connection id "0HMPA6OKF4BU8" sending DATA frame for stream ID 5 with length 10240 and flags NONE. |url: |action: |Microsoft.AspNetCore.Server.Kestrel.Core.Internal.Http2.Http2FrameWriter.WriteHeaderUnsynchronized
2023-03-21 19:00:35.8047|49|TRACE|Microsoft.AspNetCore.Server.Kestrel.Http2|Connection id "0HMPA6OKF4BU8" sending DATA frame for stream ID 5 with length 10240 and flags NONE. |url: |action: |Microsoft.AspNetCore.Server.Kestrel.Core.Internal.Http2.Http2FrameWriter.WriteHeaderUnsynchronized
2023-03-21 19:00:35.8047|49|TRACE|Microsoft.AspNetCore.Server.Kestrel.Http2|Connection id "0HMPA6OKF4BU8" sending DATA frame for stream ID 5 with length 10240 and flags NONE. |url: |action: |Microsoft.AspNetCore.Server.Kestrel.Core.Internal.Http2.Http2FrameWriter.WriteHeaderUnsynchronized
2023-03-21 19:00:35.8047|49|TRACE|Microsoft.AspNetCore.Server.Kestrel.Http2|Connection id "0HMPA6OKF4BU8" sending DATA frame for stream ID 5 with length 10240 and flags NONE. |url: |action: |Microsoft.AspNetCore.Server.Kestrel.Core.Internal.Http2.Http2FrameWriter.WriteHeaderUnsynchronized
2023-03-21 19:00:35.8047|49|TRACE|Microsoft.AspNetCore.Server.Kestrel.Http2|Connection id "0HMPA6OKF4BU8" sending DATA frame for stream ID 5 with length 10240 and flags NONE. |url: |action: |Microsoft.AspNetCore.Server.Kestrel.Core.Internal.Http2.Http2FrameWriter.WriteHeaderUnsynchronized
2023-03-21 19:00:35.8047|49|TRACE|Microsoft.AspNetCore.Server.Kestrel.Http2|Connection id "0HMPA6OKF4BU8" sending DATA frame for stream ID 5 with length 10240 and flags NONE. |url: |action: |Microsoft.AspNetCore.Server.Kestrel.Core.Internal.Http2.Http2FrameWriter.WriteHeaderUnsynchronized
2023-03-21 19:00:35.8047|49|TRACE|Microsoft.AspNetCore.Server.Kestrel.Http2|Connection id "0HMPA6OKF4BU8" sending DATA frame for stream ID 5 with length 10240 and flags NONE. |url: |action: |Microsoft.AspNetCore.Server.Kestrel.Core.Internal.Http2.Http2FrameWriter.WriteHeaderUnsynchronized
2023-03-21 19:00:35.8047|49|TRACE|Microsoft.AspNetCore.Server.Kestrel.Http2|Connection id "0HMPA6OKF4BU8" sending DATA frame for stream ID 5 with length 403 and flags NONE. |url: |action: |Microsoft.AspNetCore.Server.Kestrel.Core.Internal.Http2.Http2FrameWriter.WriteHeaderUnsynchronized
2023-03-21 19:00:35.8047|49|TRACE|Microsoft.AspNetCore.Server.Kestrel.Http2|Connection id "0HMPA6OKF4BU8" sending DATA frame for stream ID 5 with length 0 and flags END_STREAM. |url: |action: |Microsoft.AspNetCore.Server.Kestrel.Core.Internal.Http2.Http2FrameWriter.WriteHeaderUnsynchronized
2023-03-21 19:00:36.2093|37|TRACE|Microsoft.AspNetCore.Server.Kestrel.Http2|Connection id "0HMPA6OKF4BU8" received HEADERS frame for stream ID 7 with length 66 and flags END_STREAM, END_HEADERS, PRIORITY. |url: |action: |Microsoft.AspNetCore.Server.Kestrel.Core.Internal.Http2.Http2Connection.ProcessRequestsAsync
2023-03-21 19:00:36.2093|2|TRACE|Microsoft.AspNetCore.HostFiltering.HostFilteringMiddleware|All hosts are allowed. |url: https://localhost/swagger/v1/swagger.json|action: |Microsoft.AspNetCore.HostFiltering.LoggerExtensions.AllHostsAllowed
2023-03-21 19:00:36.4256|49|TRACE|Microsoft.AspNetCore.Server.Kestrel.Http2|Connection id "0HMPA6OKF4BU8" sending HEADERS frame for stream ID 7 with length 35 and flags END_HEADERS. |url: https://localhost/swagger/v1/swagger.json|action: |Microsoft.AspNetCore.Server.Kestrel.Core.Internal.Http2.Http2FrameWriter.WriteHeaderUnsynchronized
2023-03-21 19:00:36.4256|49|TRACE|Microsoft.AspNetCore.Server.Kestrel.Http2|Connection id "0HMPA6OKF4BU8" sending DATA frame for stream ID 7 with length 4096 and flags NONE. |url: |action: |Microsoft.AspNetCore.Server.Kestrel.Core.Internal.Http2.Http2FrameWriter.WriteHeaderUnsynchronized
2023-03-21 19:00:36.4256|49|TRACE|Microsoft.AspNetCore.Server.Kestrel.Http2|Connection id "0HMPA6OKF4BU8" sending DATA frame for stream ID 7 with length 4096 and flags NONE. |url: |action: |Microsoft.AspNetCore.Server.Kestrel.Core.Internal.Http2.Http2FrameWriter.WriteHeaderUnsynchronized
2023-03-21 19:00:36.4256|49|TRACE|Microsoft.AspNetCore.Server.Kestrel.Http2|Connection id "0HMPA6OKF4BU8" sending DATA frame for stream ID 7 with length 4096 and flags NONE. |url: |action: |Microsoft.AspNetCore.Server.Kestrel.Core.Internal.Http2.Http2FrameWriter.WriteHeaderUnsynchronized
2023-03-21 19:00:36.4256|49|TRACE|Microsoft.AspNetCore.Server.Kestrel.Http2|Connection id "0HMPA6OKF4BU8" sending DATA frame for stream ID 7 with length 4096 and flags NONE. |url: |action: |Microsoft.AspNetCore.Server.Kestrel.Core.Internal.Http2.Http2FrameWriter.WriteHeaderUnsynchronized
2023-03-21 19:00:36.4256|49|TRACE|Microsoft.AspNetCore.Server.Kestrel.Http2|Connection id "0HMPA6OKF4BU8" sending DATA frame for stream ID 7 with length 4096 and flags NONE. |url: |action: |Microsoft.AspNetCore.Server.Kestrel.Core.Internal.Http2.Http2FrameWriter.WriteHeaderUnsynchronized
2023-03-21 19:00:36.4299|49|TRACE|Microsoft.AspNetCore.Server.Kestrel.Http2|Connection id "0HMPA6OKF4BU8" sending DATA frame for stream ID 7 with length 4096 and flags NONE. |url: |action: |Microsoft.AspNetCore.Server.Kestrel.Core.Internal.Http2.Http2FrameWriter.WriteHeaderUnsynchronized
2023-03-21 19:00:36.4299|49|TRACE|Microsoft.AspNetCore.Server.Kestrel.Http2|Connection id "0HMPA6OKF4BU8" sending DATA frame for stream ID 7 with length 3847 and flags NONE. |url: |action: |Microsoft.AspNetCore.Server.Kestrel.Core.Internal.Http2.Http2FrameWriter.WriteHeaderUnsynchronized
2023-03-21 19:00:36.4299|49|TRACE|Microsoft.AspNetCore.Server.Kestrel.Http2|Connection id "0HMPA6OKF4BU8" sending DATA frame for stream ID 7 with length 0 and flags END_STREAM. |url: |action: |Microsoft.AspNetCore.Server.Kestrel.Core.Internal.Http2.Http2FrameWriter.WriteHeaderUnsynchronized
2023-03-21 19:01:16.8699|2|TRACE|Microsoft.AspNetCore.HostFiltering.HostFilteringMiddleware|All hosts are allowed. |url: https://localhost/bugtracker/board/2/task/5|action: |Microsoft.AspNetCore.HostFiltering.LoggerExtensions.AllHostsAllowed
2023-03-21 19:01:17.6004|2|TRACE|Microsoft.AspNetCore.Mvc.Infrastructure.ControllerActionInvoker|Action Filter: Before executing OnActionExecuting on filter Microsoft.AspNetCore.Mvc.ModelBinding.UnsupportedContentTypeFilter. |url: https://localhost/bugtracker/board/2/task/5|action: GetQuestById|Microsoft.AspNetCore.Mvc.Infrastructure.ControllerActionInvoker.Next
2023-03-21 19:01:17.6030|3|TRACE|Microsoft.AspNetCore.Mvc.Infrastructure.ControllerActionInvoker|Action Filter: After executing OnActionExecuting on filter Microsoft.AspNetCore.Mvc.ModelBinding.UnsupportedContentTypeFilter. |url: https://localhost/bugtracker/board/2/task/5|action: GetQuestById|Microsoft.AspNetCore.Mvc.Infrastructure.ControllerActionInvoker.Next
2023-03-21 19:01:17.6030|2|TRACE|Microsoft.AspNetCore.Mvc.Infrastructure.ControllerActionInvoker|Action Filter: Before executing OnActionExecuting on filter Microsoft.AspNetCore.Mvc.Infrastructure.ModelStateInvalidFilter. |url: https://localhost/bugtracker/board/2/task/5|action: GetQuestById|Microsoft.AspNetCore.Mvc.Infrastructure.ControllerActionInvoker.Next
2023-03-21 19:01:17.6030|3|TRACE|Microsoft.AspNetCore.Mvc.Infrastructure.ControllerActionInvoker|Action Filter: After executing OnActionExecuting on filter Microsoft.AspNetCore.Mvc.Infrastructure.ModelStateInvalidFilter. |url: https://localhost/bugtracker/board/2/task/5|action: GetQuestById|Microsoft.AspNetCore.Mvc.Infrastructure.ControllerActionInvoker.Next
2023-03-21 19:01:27.5890|2|TRACE|Microsoft.AspNetCore.Mvc.Infrastructure.ControllerActionInvoker|Action Filter: Before executing OnActionExecuted on filter Microsoft.AspNetCore.Mvc.Infrastructure.ModelStateInvalidFilter. |url: https://localhost/bugtracker/board/2/task/5|action: GetQuestById|Microsoft.AspNetCore.Mvc.Infrastructure.ControllerActionInvoker.Next
2023-03-21 19:01:27.5890|3|TRACE|Microsoft.AspNetCore.Mvc.Infrastructure.ControllerActionInvoker|Action Filter: After executing OnActionExecuted on filter Microsoft.AspNetCore.Mvc.Infrastructure.ModelStateInvalidFilter. |url: https://localhost/bugtracker/board/2/task/5|action: GetQuestById|Microsoft.AspNetCore.Mvc.Infrastructure.ControllerActionInvoker.Next
2023-03-21 19:01:27.5890|2|TRACE|Microsoft.AspNetCore.Mvc.Infrastructure.ControllerActionInvoker|Action Filter: Before executing OnActionExecuted on filter Microsoft.AspNetCore.Mvc.ModelBinding.UnsupportedContentTypeFilter. |url: https://localhost/bugtracker/board/2/task/5|action: GetQuestById|Microsoft.AspNetCore.Mvc.Infrastructure.ControllerActionInvoker.Next
2023-03-21 19:01:27.5890|3|TRACE|Microsoft.AspNetCore.Mvc.Infrastructure.ControllerActionInvoker|Action Filter: After executing OnActionExecuted on filter Microsoft.AspNetCore.Mvc.ModelBinding.UnsupportedContentTypeFilter. |url: https://localhost/bugtracker/board/2/task/5|action: GetQuestById|Microsoft.AspNetCore.Mvc.Infrastructure.ControllerActionInvoker.Next
